2020-10-06 14:21:26,187:DEBUG:discord.client: on_ready has successfully been registered as an event
2020-10-06 14:21:26,187:DEBUG:discord.client: on_message has successfully been registered as an event
2020-10-06 14:21:26,187:INFO:discord.client: logging in using static token
2020-10-06 14:21:26,315:DEBUG:discord.http: GET https://discord.com/api/v7/users/@me with None has returned 200
2020-10-06 14:21:26,316:DEBUG:discord.http: GET https://discord.com/api/v7/users/@me has received {'id': '762093767091945482', 'username': 'QuestionBot', 'avatar': '43f8a2a12fce3b5c0d0e0f3156b21fb1', 'discriminator': '1707', 'public_flags': 0, 'flags': 0, 'bot': True, 'email': None, 'verified': True, 'locale': 'en-US', 'mfa_enabled': True}
2020-10-06 14:21:26,330:DEBUG:discord.http: GET https://discord.com/api/v7/gateway with None has returned 200
2020-10-06 14:21:26,330:DEBUG:discord.http: GET https://discord.com/api/v7/gateway has received {'url': 'wss://gateway.discord.gg'}
2020-10-06 14:21:26,397:DEBUG:discord.gateway: Created websocket connected to wss://gateway.discord.gg?encoding=json&v=6&compress=zlib-stream
2020-10-06 14:21:26,398:DEBUG:discord.client: Dispatching event socket_raw_receive
2020-10-06 14:21:26,398:DEBUG:discord.gateway: For Shard ID None: WebSocket Event: {'t': None, 's': None, 'op': 10, 'd': {'heartbeat_interval': 41250, '_trace': ['["gateway-prd-main-0btq",{"micros":0.0}]']}}
2020-10-06 14:21:26,398:DEBUG:discord.client: Dispatching event socket_response
2020-10-06 14:21:26,398:DEBUG:discord.client: Dispatching event socket_raw_send
2020-10-06 14:21:26,399:DEBUG:discord.client: Dispatching event socket_raw_send
2020-10-06 14:21:26,399:INFO:discord.gateway: Shard ID None has sent the IDENTIFY payload.
2020-10-06 14:21:26,417:DEBUG:discord.client: Dispatching event socket_raw_receive
2020-10-06 14:21:26,417:DEBUG:discord.gateway: For Shard ID None: WebSocket Event: {'t': None, 's': None, 'op': 11, 'd': None}
2020-10-06 14:21:26,417:DEBUG:discord.client: Dispatching event socket_response
2020-10-06 14:21:26,496:DEBUG:discord.client: Dispatching event socket_raw_receive
2020-10-06 14:21:26,498:DEBUG:discord.gateway: For Shard ID None: WebSocket Event: {'t': 'READY', 's': 1, 'op': 0, 'd': {'v': 6, 'user_settings': {}, 'user': {'verified': True, 'username': 'QuestionBot', 'mfa_enabled': True, 'id': '762093767091945482', 'flags': 0, 'email': None, 'discriminator': '1707', 'bot': True, 'avatar': '43f8a2a12fce3b5c0d0e0f3156b21fb1'}, 'session_id': '728ac407aa70859af29831e11e5bbbb5', 'relationships': [], 'private_channels': [], 'presences': [], 'guilds': [{'unavailable': True, 'id': '762093041116381194'}], 'application': {'id': '762093767091945482', 'flags': 0}, '_trace': ['["gateway-prd-main-0btq",{"micros":78133,"calls":["discord-sessions-prd-2-27",{"micros":70925,"calls":["start_session",{"micros":47259,"calls":["api-prd-main-tzf2",{"micros":44779,"calls":["get_user",{"micros":3191},"add_authorized_ip",{"micros":1180},"get_guilds",{"micros":3842},"coros_wait",{"micros":1}]}]},"guilds_connect",{"micros":19,"calls":[]},"presence_connect",{"micros":21353,"calls":[]}]}]}]']}}
2020-10-06 14:21:26,498:DEBUG:discord.client: Dispatching event socket_response
2020-10-06 14:21:26,498:INFO:discord.gateway: Shard ID None has connected to Gateway: ["gateway-prd-main-0btq",{"micros":78133,"calls":["discord-sessions-prd-2-27",{"micros":70925,"calls":["start_session",{"micros":47259,"calls":["api-prd-main-tzf2",{"micros":44779,"calls":["get_user",{"micros":3191},"add_authorized_ip",{"micros":1180},"get_guilds",{"micros":3842},"coros_wait",{"micros":1}]}]},"guilds_connect",{"micros":19,"calls":[]},"presence_connect",{"micros":21353,"calls":[]}]}]}] (Session ID: 728ac407aa70859af29831e11e5bbbb5).
2020-10-06 14:21:26,503:DEBUG:discord.client: Dispatching event connect
2020-10-06 14:21:26,503:DEBUG:discord.client: Dispatching event socket_raw_receive
2020-10-06 14:21:26,503:DEBUG:discord.gateway: For Shard ID None: WebSocket Event: {'t': 'GUILD_CREATE', 's': 2, 'op': 0, 'd': {'vanity_url_code': None, 'joined_at': '2020-10-03T23:31:09.503000+00:00', 'roles': [{'position': 0, 'permissions_new': '104320577', 'permissions': 104320577, 'name': '@everyone', 'mentionable': False, 'managed': False, 'id': '762093041116381194', 'hoist': False, 'color': 0}, {'tags': {'bot_id': '762093767091945482'}, 'position': 1, 'permissions_new': '8', 'permissions': 8, 'name': 'BruhTestBot', 'mentionable': False, 'managed': True, 'id': '762224032740278272', 'hoist': False, 'color': 0}, {'tags': {'bot_id': '155149108183695360'}, 'position': 1, 'permissions_new': '2134207679', 'permissions': 2134207679, 'name': 'Dyno', 'mentionable': False, 'managed': True, 'id': '762279779437117441', 'hoist': False, 'color': 0}], 'system_channel_id': '762093041116381198', 'afk_channel_id': None, 'emojis': [], 'banner': None, 'afk_timeout': 300, 'max_video_channel_users': 25, 'application_id': None, 'public_updates_channel_id': None, 'premium_tier': 0, 'large': False, 'features': [], 'splash': None, 'unavailable': False, 'member_count': 4, 'name': "ThatCrispyToast's server", 'mfa_level': 0, 'rules_channel_id': None, 'owner_id': '330116875755323393', 'premium_subscription_count': 0, 'region': 'us-central', 'icon': None, 'voice_states': [], 'explicit_content_filter': 0, 'guild_hashes': {'version': 1, 'roles': {'omitted': False, 'hash': '3MqQfF+NJlM'}, 'metadata': {'omitted': False, 'hash': 't0XOE/nLN4c'}, 'channels': {'omitted': False, 'hash': 'G5izGjLNqfY'}}, 'discovery_splash': None, 'default_message_notifications': 0, 'lazy': True, 'members': [{'user': {'username': 'QuestionBot', 'id': '762093767091945482', 'discriminator': '1707', 'bot': True, 'avatar': '43f8a2a12fce3b5c0d0e0f3156b21fb1'}, 'roles': ['762224032740278272'], 'premium_since': None, 'nick': None, 'mute': False, 'joined_at': '2020-10-03T23:31:09.503000+00:00', 'is_pending': False, 'hoisted_role': None, 'deaf': False}], 'preferred_locale': 'en-US', 'system_channel_flags': 0, 'verification_level': 0, 'max_members': 100000, 'id': '762093041116381194', 'presences': [], 'description': None, 'channels': [{'type': 4, 'position': 0, 'permission_overwrites': [], 'name': 'Text Channels', 'id': '762093041116381196'}, {'type': 4, 'position': 0, 'permission_overwrites': [], 'name': 'Voice Channels', 'id': '762093041116381197'}, {'type': 0, 'topic': None, 'rate_limit_per_user': 0, 'position': 0, 'permission_overwrites': [], 'parent_id': '762093041116381196', 'name': 'general', 'last_message_id': '763087226409844758', 'id': '762093041116381198'}, {'user_limit': 0, 'type': 2, 'position': 0, 'permission_overwrites': [], 'parent_id': '762093041116381197', 'name': 'General', 'id': '762093041116381199', 'bitrate': 64000}]}}
2020-10-06 14:21:26,503:DEBUG:discord.client: Dispatching event socket_response
2020-10-06 14:21:26,503:DEBUG:discord.client: Dispatching event guild_available
2020-10-06 14:21:28,504:DEBUG:discord.client: Dispatching event ready
2020-10-06 14:21:28,504:DEBUG:discord.gateway: Sending "{"op":3,"d":{"game":{"type":0,"name":"\"Q? help\"","timestamps":{}},"afk":false,"since":0.0,"status":"online"}}" to change status
2020-10-06 14:21:28,504:DEBUG:discord.client: Dispatching event socket_raw_send
2020-10-06 14:21:28,598:DEBUG:discord.client: Dispatching event socket_raw_receive
2020-10-06 14:21:28,598:DEBUG:discord.gateway: For Shard ID None: WebSocket Event: {'t': 'MESSAGE_CREATE', 's': 3, 'op': 0, 'd': {'type': 0, 'tts': False, 'timestamp': '2020-10-06T18:21:28.525000+00:00', 'referenced_message': None, 'pinned': False, 'mentions': [], 'mention_roles': [], 'mention_everyone': False, 'member': {'roles': ['762224032740278272'], 'premium_since': None, 'nick': None, 'mute': False, 'joined_at': '2020-10-03T23:31:09.503000+00:00', 'is_pending': False, 'hoisted_role': None, 'deaf': False}, 'id': '763103652453679105', 'flags': 0, 'embeds': [], 'edited_timestamp': None, 'content': 'Bot Enabled.', 'channel_id': '762093041116381198', 'author': {'username': 'QuestionBot', 'public_flags': 0, 'id': '762093767091945482', 'discriminator': '1707', 'bot': True, 'avatar': '43f8a2a12fce3b5c0d0e0f3156b21fb1'}, 'attachments': [], 'guild_id': '762093041116381194'}}
2020-10-06 14:21:28,598:DEBUG:discord.client: Dispatching event socket_response
2020-10-06 14:21:28,599:DEBUG:discord.client: Dispatching event message
2020-10-06 14:21:28,627:DEBUG:discord.http: POST https://discord.com/api/v7/channels/762093041116381198/messages with {"content":"Bot Enabled."} has returned 200
2020-10-06 14:21:28,628:DEBUG:discord.http: POST https://discord.com/api/v7/channels/762093041116381198/messages has received {'id': '763103652453679105', 'type': 0, 'content': 'Bot Enabled.', 'channel_id': '762093041116381198', 'author': {'id': '762093767091945482', 'username': 'QuestionBot', 'avatar': '43f8a2a12fce3b5c0d0e0f3156b21fb1', 'discriminator': '1707', 'public_flags': 0, 'bot': True}, 'attachments': [], 'embeds': [], 'mentions': [], 'mention_roles': [], 'pinned': False, 'mention_everyone': False, 'tts': False, 'timestamp': '2020-10-06T18:21:28.525000+00:00', 'edited_timestamp': None, 'flags': 0, 'referenced_message': None}
